0 4.27 wget --quiet http://mirror.bjtu.edu.cn/CTAN/indexing/forindex.zip
0 7.68 wget --quiet http://ftp.leg.uct.ac.za/pub/packages/ctan/indexing/forindex.zip
Command exited with non-zero status 4
4 0.25 wget --quiet http://in.httpd.co/mirrors/ctan/indexing/forindex.zip
0 9.03 wget --quiet http://ftp.ktug.org/tex-archive/indexing/forindex.zip
0 5.47 wget --quiet http://ftp.yzu.edu.tw/CTAN/indexing/forindex.zip
0 3.23 wget --quiet http://www.cstug.cz/ctan/index.html/indexing/forindex.zip
0 9.50 wget --quiet http://ctan.unsw.edu.au/indexing/forindex.zip
0 8.54 wget --quiet http://mirrors.dotsrc.org/ctan/indexing/forindex.zip
0 5.26 wget --quiet http://ftp.fau.de/ctan/indexing/forindex.zip
0 6.45 wget --quiet http://mirror.selfnet.de/tex-archive/indexing/forindex.zip
0 8.08 wget --quiet http://osl.ugr.es/CTAN/indexing/forindex.zip
0 7.62 wget --quiet http://ftp.oleane.net/pub/CTAN/indexing/forindex.zip
0 6.55 wget --quiet http://ftp.cc.uoc.gr/mirrors/CTAN/indexing/forindex.zip
0 8.03 wget --quiet http://ctan.mirror.garr.it/mirrors/CTAN/indexing/forindex.zip
0 8.87 wget --quiet http://ftp.eq.uc.pt/software/TeX/indexing/forindex.zip
0 9.30 wget --quiet http://ctan.usu.ru/indexing/forindex.zip
Command exited with non-zero status 8
8 1.20 wget --quiet http://ctan.sqsol.co.uk/indexing/forindex.zip
0 3.27 wget --quiet http://archive.cs.uu.nl/mirror/CTAN/indexing/forindex.zip
0 7.36 wget --quiet http://mirror.switch.ch/ftp/mirror/tex/indexing/forindex.zip
0 4.79 wget --quiet http://ctan.math.ca/tex-archive/indexing/forindex.zip
0 5.04 wget --quiet http://mirror.its.dal.ca/ctan/indexing/forindex.zip
0 5.75 wget --quiet http://ctan.math.washington.edu/tex-archive/indexing/forindex.zip
0 6.02 wget --quiet http://ctan.mackichan.com/indexing/forindex.zip
0 5.52 wget --quiet http://ftp.math.purdue.edu/mirrors/ctan.org/indexing/forindex.zip
0 6.15 wget --quiet http://mirror.unl.edu/ctan/indexing/forindex.zip
0 6.67 wget --quiet http://mirror.hmc.edu/ctan/indexing/forindex.zip
0 6.64 wget --quiet http://ctan.mirrors.hoobly.com/indexing/forindex.zip
0 1.74 wget --quiet http://ctan.tche.br/indexing/forindex.zip
0 2.94 wget --quiet http://repositorios.cpai.unb.br/ctan/indexing/forindex.zip
0 8.06 wget --quiet http://www.laqee.unal.edu.co/tex-archive/indexing/forindex.zip
